<?xml version="1.0" encoding="UTF-8"?>
<!-- Generated by org.testng.reporters.JUnitReportReporter -->
<testsuite skipped="0" hostname="Alia_PC" name="iset.sem31.tp3.AppTest" tests="1" failures="0" timestamp="2021-11-02T10:58:20 WAT" time="0.001" errors="0">
  <testcase name="shouldAnswerWithTrue" time="0.001" classname="iset.sem31.tp3.AppTest"/>
  <system-out/>
</testsuite> <!-- iset.sem31.tp3.AppTest -->
