<?xml version="1.0" encoding="UTF-8"?>
<!-- Generated by org.testng.reporters.JUnitReportReporter -->
<testsuite skipped="0" hostname="Alia_PC" name="iset.sem31.tp3.AnalyseurTest" tests="2" failures="0" timestamp="2021-11-02T10:58:20 WAT" time="0.006" errors="0">
  <testcase name="analyserSucces" time="0.003" classname="iset.sem31.tp3.AnalyseurTest"/>
  <system-out/>
  <testcase name="estValide" time="0.003" classname="iset.sem31.tp3.AnalyseurTest"/>
  <system-out/>
</testsuite> <!-- iset.sem31.tp3.AnalyseurTest -->
