<?xml version="1.0" encoding="UTF-8"?>
<!-- Generated by org.testng.reporters.JUnitReportReporter -->
<testsuite skipped="0" hostname="Alia_PC" name="iset.sem31.tp3.AppTest" tests="1" failures="0" timestamp="2021-11-16T08:28:35 WAT" time="0.000" errors="0">
  <testcase name="shouldAnswerWithTrue" time="0.000" classname="iset.sem31.tp3.AppTest"/>
  <system-out/>
</testsuite> <!-- iset.sem31.tp3.AppTest -->
